<?xml version="1.0" encoding="UTF-8"?>
<!-- Generated by org.testng.reporters.JUnitReportReporter -->
<testsuite hostname="LAPTOP-5CK4J9DQ" failures="0" tests="1" name="com.facebook.findElements.Elements" time="4.560" errors="0" timestamp="2023-09-26T01:11:43 EDT" skipped="0">
  <testcase classname="com.facebook.findElements.Elements" name="listofElements" time="4.560"/>
  <system-out/>
</testsuite> <!-- com.facebook.findElements.Elements -->
