<?xml version="1.0" encoding="UTF-8"?>
<!-- Generated by org.testng.reporters.JUnitReportReporter -->
<testsuite hostname="LAPTOP-5CK4J9DQ" failures="0" tests="2" name="com.facebook.pageObjectModel_loginTest.LoginTest" time="5.725" errors="0" timestamp="2023-09-24T14:43:18 EDT" skipped="0">
  <testcase classname="com.facebook.pageObjectModel_loginTest.LoginTest" name="validLoginTest" time="1.761"/>
  <system-out/>
  <testcase classname="com.facebook.pageObjectModel_loginTest.LoginTest" name="invalidLoginTest" time="3.964"/>
  <system-out/>
</testsuite> <!-- com.facebook.pageObjectModel_loginTest.LoginTest -->
