<?xml version="1.0" encoding="UTF-8"?>
<!-- Generated by org.testng.reporters.JUnitReportReporter -->
<testsuite hostname="LAPTOP-5CK4J9DQ" failures="0" tests="3" name="com.facebookTest.FacebookTest" time="8.873" errors="0" timestamp="2023-09-24T01:14:43 EDT" skipped="0">
  <testcase classname="com.facebookTest.FacebookTest" name="openChromeBrowser" time="4.484"/>
  <system-out/>
  <testcase classname="com.facebookTest.FacebookTest" name="testOne" time="0.002"/>
  <system-out/>
  <testcase classname="com.facebookTest.FacebookTest" name="openEdgeBrowser" time="4.387"/>
  <system-out/>
</testsuite> <!-- com.facebookTest.FacebookTest -->
