<?xml version="1.0" encoding="UTF-8"?>
<!-- Generated by org.testng.reporters.JUnitReportReporter -->
<testsuite hostname="LAPTOP-5CK4J9DQ" failures="0" tests="4" name="com.facebook.locators.DirectLocstors" time="1.114" errors="0" timestamp="2023-09-24T02:09:50 EDT" skipped="0">
  <testcase classname="com.facebook.locators.DirectLocstors" name="linkTestLocatorsTest" time="0.460"/>
  <system-out/>
  <testcase classname="com.facebook.locators.DirectLocstors" name="nameLocatorsTest" time="0.068"/>
  <system-out/>
  <testcase classname="com.facebook.locators.DirectLocstors" name="partioalLinlTextLocatorsTest" time="0.519"/>
  <system-out/>
  <testcase classname="com.facebook.locators.DirectLocstors" name="idLocatorsTest" time="0.067"/>
  <system-out/>
</testsuite> <!-- com.facebook.locators.DirectLocstors -->
